::1 - - [28/Aug/2021:09:51:05 +0000] "GET / HTTP/1.1" 304 - "-" "Mozilla/5.0 (Windows NT 10.0; Win64; x64) AppleWebKit/537.36 (KHTML, like Gecko) Chrome/92.0.4515.159 Safari/537.36"
::1 - - [28/Aug/2021:09:51:05 +0000] "GET /css/main.css HTTP/1.1" 304 - "-" "Mozilla/5.0 (Windows NT 10.0; Win64; x64) AppleWebKit/537.36 (KHTML, like Gecko) Chrome/92.0.4515.159 Safari/537.36"
::1 - - [28/Aug/2021:09:51:05 +0000] "GET /css/product.css HTTP/1.1" 304 - "-" "Mozilla/5.0 (Windows NT 10.0; Win64; x64) AppleWebKit/537.36 (KHTML, like Gecko) Chrome/92.0.4515.159 Safari/537.36"
::1 - - [28/Aug/2021:09:51:05 +0000] "GET /js/main.js HTTP/1.1" 304 - "-" "Mozilla/5.0 (Windows NT 10.0; Win64; x64) AppleWebKit/537.36 (KHTML, like Gecko) Chrome/92.0.4515.159 Safari/537.36"
::1 - - [28/Aug/2021:10:06:14 +0000] "GET / HTTP/1.1" 200 - "-" "Mozilla/5.0 (Windows NT 10.0; Win64; x64) AppleWebKit/537.36 (KHTML, like Gecko) Chrome/92.0.4515.159 Safari/537.36"
::1 - - [28/Aug/2021:10:06:14 +0000] "GET /css/main.css HTTP/1.1" 200 - "-" "Mozilla/5.0 (Windows NT 10.0; Win64; x64) AppleWebKit/537.36 (KHTML, like Gecko) Chrome/92.0.4515.159 Safari/537.36"
::1 - - [28/Aug/2021:10:06:14 +0000] "GET /css/product.css HTTP/1.1" 200 379 "-" "Mozilla/5.0 (Windows NT 10.0; Win64; x64) AppleWebKit/537.36 (KHTML, like Gecko) Chrome/92.0.4515.159 Safari/537.36"
::1 - - [28/Aug/2021:10:06:14 +0000] "GET /js/main.js HTTP/1.1" 200 519 "-" "Mozilla/5.0 (Windows NT 10.0; Win64; x64) AppleWebKit/537.36 (KHTML, like Gecko) Chrome/92.0.4515.159 Safari/537.36"
::1 - - [28/Aug/2021:10:06:14 +0000] "GET /favicon.ico HTTP/1.1" 404 - "-" "Mozilla/5.0 (Windows NT 10.0; Win64; x64) AppleWebKit/537.36 (KHTML, like Gecko) Chrome/92.0.4515.159 Safari/537.36"
::1 - - [28/Aug/2021:18:56:04 +0000] "GET / HTTP/1.1" 304 - "-" "Mozilla/5.0 (Windows NT 10.0; Win64; x64) AppleWebKit/537.36 (KHTML, like Gecko) Chrome/92.0.4515.159 Safari/537.36"
::1 - - [28/Aug/2021:18:56:04 +0000] "GET /css/main.css HTTP/1.1" 304 - "-" "Mozilla/5.0 (Windows NT 10.0; Win64; x64) AppleWebKit/537.36 (KHTML, like Gecko) Chrome/92.0.4515.159 Safari/537.36"
::1 - - [28/Aug/2021:18:56:04 +0000] "GET /css/product.css HTTP/1.1" 304 - "-" "Mozilla/5.0 (Windows NT 10.0; Win64; x64) AppleWebKit/537.36 (KHTML, like Gecko) Chrome/92.0.4515.159 Safari/537.36"
::1 - - [28/Aug/2021:18:56:04 +0000] "GET /js/main.js HTTP/1.1" 304 - "-" "Mozilla/5.0 (Windows NT 10.0; Win64; x64) AppleWebKit/537.36 (KHTML, like Gecko) Chrome/92.0.4515.159 Safari/537.36"
::1 - - [28/Aug/2021:18:56:04 +0000] "GET /favicon.ico HTTP/1.1" 404 - "-" "Mozilla/5.0 (Windows NT 10.0; Win64; x64) AppleWebKit/537.36 (KHTML, like Gecko) Chrome/92.0.4515.159 Safari/537.36"
::1 - - [28/Aug/2021:18:56:07 +0000] "GET /login HTTP/1.1" 200 - "-" "Mozilla/5.0 (Windows NT 10.0; Win64; x64) AppleWebKit/537.36 (KHTML, like Gecko) Chrome/92.0.4515.159 Safari/537.36"
::1 - - [28/Aug/2021:18:56:07 +0000] "GET /css/main.css HTTP/1.1" 304 - "-" "Mozilla/5.0 (Windows NT 10.0; Win64; x64) AppleWebKit/537.36 (KHTML, like Gecko) Chrome/92.0.4515.159 Safari/537.36"
::1 - - [28/Aug/2021:18:56:07 +0000] "GET /css/forms.css HTTP/1.1" 304 - "-" "Mozilla/5.0 (Windows NT 10.0; Win64; x64) AppleWebKit/537.36 (KHTML, like Gecko) Chrome/92.0.4515.159 Safari/537.36"
::1 - - [28/Aug/2021:18:56:07 +0000] "GET /css/auth.css HTTP/1.1" 304 - "-" "Mozilla/5.0 (Windows NT 10.0; Win64; x64) AppleWebKit/537.36 (KHTML, like Gecko) Chrome/92.0.4515.159 Safari/537.36"
::1 - - [28/Aug/2021:18:56:07 +0000] "GET /js/main.js HTTP/1.1" 304 - "-" "Mozilla/5.0 (Windows NT 10.0; Win64; x64) AppleWebKit/537.36 (KHTML, like Gecko) Chrome/92.0.4515.159 Safari/537.36"
::1 - - [28/Aug/2021:18:56:13 +0000] "POST /login HTTP/1.1" 302 46 "-" "Mozilla/5.0 (Windows NT 10.0; Win64; x64) AppleWebKit/537.36 (KHTML, like Gecko) Chrome/92.0.4515.159 Safari/537.36"
::1 - - [28/Aug/2021:18:56:13 +0000] "GET / HTTP/1.1" 200 - "-" "Mozilla/5.0 (Windows NT 10.0; Win64; x64) AppleWebKit/537.36 (KHTML, like Gecko) Chrome/92.0.4515.159 Safari/537.36"
::1 - - [28/Aug/2021:18:56:13 +0000] "GET /css/main.css HTTP/1.1" 304 - "-" "Mozilla/5.0 (Windows NT 10.0; Win64; x64) AppleWebKit/537.36 (KHTML, like Gecko) Chrome/92.0.4515.159 Safari/537.36"
::1 - - [28/Aug/2021:18:56:13 +0000] "GET /css/product.css HTTP/1.1" 304 - "-" "Mozilla/5.0 (Windows NT 10.0; Win64; x64) AppleWebKit/537.36 (KHTML, like Gecko) Chrome/92.0.4515.159 Safari/537.36"
::1 - - [28/Aug/2021:18:56:13 +0000] "GET /js/main.js HTTP/1.1" 304 - "-" "Mozilla/5.0 (Windows NT 10.0; Win64; x64) AppleWebKit/537.36 (KHTML, like Gecko) Chrome/92.0.4515.159 Safari/537.36"
::1 - - [28/Aug/2021:18:56:16 +0000] "GET /admin/add-product HTTP/1.1" 200 - "-" "Mozilla/5.0 (Windows NT 10.0; Win64; x64) AppleWebKit/537.36 (KHTML, like Gecko) Chrome/92.0.4515.159 Safari/537.36"
::1 - - [28/Aug/2021:18:56:16 +0000] "GET /css/main.css HTTP/1.1" 304 - "-" "Mozilla/5.0 (Windows NT 10.0; Win64; x64) AppleWebKit/537.36 (KHTML, like Gecko) Chrome/92.0.4515.159 Safari/537.36"
::1 - - [28/Aug/2021:18:56:16 +0000] "GET /css/forms.css HTTP/1.1" 304 - "-" "Mozilla/5.0 (Windows NT 10.0; Win64; x64) AppleWebKit/537.36 (KHTML, like Gecko) Chrome/92.0.4515.159 Safari/537.36"
::1 - - [28/Aug/2021:18:56:16 +0000] "GET /css/product.css HTTP/1.1" 304 - "-" "Mozilla/5.0 (Windows NT 10.0; Win64; x64) AppleWebKit/537.36 (KHTML, like Gecko) Chrome/92.0.4515.159 Safari/537.36"
::1 - - [28/Aug/2021:18:56:16 +0000] "GET /js/main.js HTTP/1.1" 304 - "-" "Mozilla/5.0 (Windows NT 10.0; Win64; x64) AppleWebKit/537.36 (KHTML, like Gecko) Chrome/92.0.4515.159 Safari/537.36"
::1 - - [28/Aug/2021:18:56:29 +0000] "POST /admin/add-product HTTP/1.1" 302 74 "-" "Mozilla/5.0 (Windows NT 10.0; Win64; x64) AppleWebKit/537.36 (KHTML, like Gecko) Chrome/92.0.4515.159 Safari/537.36"
::1 - - [28/Aug/2021:18:56:29 +0000] "GET /admin/products HTTP/1.1" 200 - "-" "Mozilla/5.0 (Windows NT 10.0; Win64; x64) AppleWebKit/537.36 (KHTML, like Gecko) Chrome/92.0.4515.159 Safari/537.36"
::1 - - [28/Aug/2021:18:56:29 +0000] "GET /css/product.css HTTP/1.1" 304 - "-" "Mozilla/5.0 (Windows NT 10.0; Win64; x64) AppleWebKit/537.36 (KHTML, like Gecko) Chrome/92.0.4515.159 Safari/537.36"
::1 - - [28/Aug/2021:18:56:29 +0000] "GET /css/main.css HTTP/1.1" 304 - "-" "Mozilla/5.0 (Windows NT 10.0; Win64; x64) AppleWebKit/537.36 (KHTML, like Gecko) Chrome/92.0.4515.159 Safari/537.36"
::1 - - [28/Aug/2021:18:56:29 +0000] "GET /js/main.js HTTP/1.1" 304 - "-" "Mozilla/5.0 (Windows NT 10.0; Win64; x64) AppleWebKit/537.36 (KHTML, like Gecko) Chrome/92.0.4515.159 Safari/537.36"
::1 - - [28/Aug/2021:18:56:29 +0000] "GET /images/30326b4c-c4c2-4c46-941b-2d525485627d-book.jpg HTTP/1.1" 200 31135 "-" "Mozilla/5.0 (Windows NT 10.0; Win64; x64) AppleWebKit/537.36 (KHTML, like Gecko) Chrome/92.0.4515.159 Safari/537.36"
::1 - - [28/Aug/2021:18:56:29 +0000] "GET /js/admin.js HTTP/1.1" 200 638 "-" "Mozilla/5.0 (Windows NT 10.0; Win64; x64) AppleWebKit/537.36 (KHTML, like Gecko) Chrome/92.0.4515.159 Safari/537.36"
::1 - - [28/Aug/2021:19:53:57 +0000] "GET / HTTP/1.1" 200 - "-" "Mozilla/5.0 (Windows NT 10.0; Win64; x64) AppleWebKit/537.36 (KHTML, like Gecko) Chrome/92.0.4515.159 Safari/537.36"
::1 - - [28/Aug/2021:19:53:57 +0000] "GET /css/main.css HTTP/1.1" 304 - "-" "Mozilla/5.0 (Windows NT 10.0; Win64; x64) AppleWebKit/537.36 (KHTML, like Gecko) Chrome/92.0.4515.159 Safari/537.36"
::ffff:127.0.0.1 - - [28/Aug/2021:19:53:57 +0000] "GET /css/product.css HTTP/1.1" 304 - "-" "Mozilla/5.0 (Windows NT 10.0; Win64; x64) AppleWebKit/537.36 (KHTML, like Gecko) Chrome/92.0.4515.159 Safari/537.36"
::1 - - [28/Aug/2021:19:53:57 +0000] "GET /js/main.js HTTP/1.1" 304 - "-" "Mozilla/5.0 (Windows NT 10.0; Win64; x64) AppleWebKit/537.36 (KHTML, like Gecko) Chrome/92.0.4515.159 Safari/537.36"
::ffff:127.0.0.1 - - [28/Aug/2021:19:53:57 +0000] "GET /images/30326b4c-c4c2-4c46-941b-2d525485627d-book.jpg HTTP/1.1" 200 31135 "-" "Mozilla/5.0 (Windows NT 10.0; Win64; x64) AppleWebKit/537.36 (KHTML, like Gecko) Chrome/92.0.4515.159 Safari/537.36"
::1 - - [28/Aug/2021:19:53:57 +0000] "GET /images/51234ff9-1e15-4d85-89d0-f40110928d1a-phone.png HTTP/1.1" 404 - "-" "Mozilla/5.0 (Windows NT 10.0; Win64; x64) AppleWebKit/537.36 (KHTML, like Gecko) Chrome/92.0.4515.159 Safari/537.36"
::1 - - [28/Aug/2021:19:53:57 +0000] "GET /favicon.ico HTTP/1.1" 404 - "-" "Mozilla/5.0 (Windows NT 10.0; Win64; x64) AppleWebKit/537.36 (KHTML, like Gecko) Chrome/92.0.4515.159 Safari/537.36"
::1 - - [28/Aug/2021:19:54:03 +0000] "GET /login HTTP/1.1" 200 - "-" "Mozilla/5.0 (Windows NT 10.0; Win64; x64) AppleWebKit/537.36 (KHTML, like Gecko) Chrome/92.0.4515.159 Safari/537.36"
::1 - - [28/Aug/2021:19:54:03 +0000] "GET /css/main.css HTTP/1.1" 304 - "-" "Mozilla/5.0 (Windows NT 10.0; Win64; x64) AppleWebKit/537.36 (KHTML, like Gecko) Chrome/92.0.4515.159 Safari/537.36"
::1 - - [28/Aug/2021:19:54:03 +0000] "GET /css/forms.css HTTP/1.1" 304 - "-" "Mozilla/5.0 (Windows NT 10.0; Win64; x64) AppleWebKit/537.36 (KHTML, like Gecko) Chrome/92.0.4515.159 Safari/537.36"
::1 - - [28/Aug/2021:19:54:03 +0000] "GET /css/auth.css HTTP/1.1" 304 - "-" "Mozilla/5.0 (Windows NT 10.0; Win64; x64) AppleWebKit/537.36 (KHTML, like Gecko) Chrome/92.0.4515.159 Safari/537.36"
::1 - - [28/Aug/2021:19:54:03 +0000] "GET /js/main.js HTTP/1.1" 304 - "-" "Mozilla/5.0 (Windows NT 10.0; Win64; x64) AppleWebKit/537.36 (KHTML, like Gecko) Chrome/92.0.4515.159 Safari/537.36"
::1 - - [28/Aug/2021:19:54:13 +0000] "POST /login HTTP/1.1" 302 46 "-" "Mozilla/5.0 (Windows NT 10.0; Win64; x64) AppleWebKit/537.36 (KHTML, like Gecko) Chrome/92.0.4515.159 Safari/537.36"
::1 - - [28/Aug/2021:19:54:13 +0000] "GET / HTTP/1.1" 200 - "-" "Mozilla/5.0 (Windows NT 10.0; Win64; x64) AppleWebKit/537.36 (KHTML, like Gecko) Chrome/92.0.4515.159 Safari/537.36"
::1 - - [28/Aug/2021:19:54:14 +0000] "GET /css/main.css HTTP/1.1" 304 - "-" "Mozilla/5.0 (Windows NT 10.0; Win64; x64) AppleWebKit/537.36 (KHTML, like Gecko) Chrome/92.0.4515.159 Safari/537.36"
::1 - - [28/Aug/2021:19:54:14 +0000] "GET /css/product.css HTTP/1.1" 304 - "-" "Mozilla/5.0 (Windows NT 10.0; Win64; x64) AppleWebKit/537.36 (KHTML, like Gecko) Chrome/92.0.4515.159 Safari/537.36"
::1 - - [28/Aug/2021:19:54:14 +0000] "GET /js/main.js HTTP/1.1" 304 - "-" "Mozilla/5.0 (Windows NT 10.0; Win64; x64) AppleWebKit/537.36 (KHTML, like Gecko) Chrome/92.0.4515.159 Safari/537.36"
::1 - - [28/Aug/2021:19:54:14 +0000] "GET /images/30326b4c-c4c2-4c46-941b-2d525485627d-book.jpg HTTP/1.1" 304 - "-" "Mozilla/5.0 (Windows NT 10.0; Win64; x64) AppleWebKit/537.36 (KHTML, like Gecko) Chrome/92.0.4515.159 Safari/537.36"
::1 - - [28/Aug/2021:19:54:14 +0000] "GET /images/51234ff9-1e15-4d85-89d0-f40110928d1a-phone.png HTTP/1.1" 404 - "-" "Mozilla/5.0 (Windows NT 10.0; Win64; x64) AppleWebKit/537.36 (KHTML, like Gecko) Chrome/92.0.4515.159 Safari/537.36"
::1 - - [28/Aug/2021:19:54:17 +0000] "GET /?page=2 HTTP/1.1" 200 - "-" "Mozilla/5.0 (Windows NT 10.0; Win64; x64) AppleWebKit/537.36 (KHTML, like Gecko) Chrome/92.0.4515.159 Safari/537.36"
::1 - - [28/Aug/2021:19:54:18 +0000] "GET /css/main.css HTTP/1.1" 304 - "-" "Mozilla/5.0 (Windows NT 10.0; Win64; x64) AppleWebKit/537.36 (KHTML, like Gecko) Chrome/92.0.4515.159 Safari/537.36"
::1 - - [28/Aug/2021:19:54:18 +0000] "GET /css/product.css HTTP/1.1" 304 - "-" "Mozilla/5.0 (Windows NT 10.0; Win64; x64) AppleWebKit/537.36 (KHTML, like Gecko) Chrome/92.0.4515.159 Safari/537.36"
::1 - - [28/Aug/2021:19:54:18 +0000] "GET /js/main.js HTTP/1.1" 304 - "-" "Mozilla/5.0 (Windows NT 10.0; Win64; x64) AppleWebKit/537.36 (KHTML, like Gecko) Chrome/92.0.4515.159 Safari/537.36"
::1 - - [28/Aug/2021:19:54:18 +0000] "GET /images/adc0d62a-288b-482a-8c35-b43903301aa2-Mouse.jpeg HTTP/1.1" 404 - "-" "Mozilla/5.0 (Windows NT 10.0; Win64; x64) AppleWebKit/537.36 (KHTML, like Gecko) Chrome/92.0.4515.159 Safari/537.36"
::1 - - [28/Aug/2021:19:54:19 +0000] "GET /?page=1 HTTP/1.1" 200 - "-" "Mozilla/5.0 (Windows NT 10.0; Win64; x64) AppleWebKit/537.36 (KHTML, like Gecko) Chrome/92.0.4515.159 Safari/537.36"
::1 - - [28/Aug/2021:19:54:19 +0000] "GET /css/main.css HTTP/1.1" 304 - "-" "Mozilla/5.0 (Windows NT 10.0; Win64; x64) AppleWebKit/537.36 (KHTML, like Gecko) Chrome/92.0.4515.159 Safari/537.36"
::1 - - [28/Aug/2021:19:54:19 +0000] "GET /css/product.css HTTP/1.1" 304 - "-" "Mozilla/5.0 (Windows NT 10.0; Win64; x64) AppleWebKit/537.36 (KHTML, like Gecko) Chrome/92.0.4515.159 Safari/537.36"
::1 - - [28/Aug/2021:19:54:19 +0000] "GET /js/main.js HTTP/1.1" 304 - "-" "Mozilla/5.0 (Windows NT 10.0; Win64; x64) AppleWebKit/537.36 (KHTML, like Gecko) Chrome/92.0.4515.159 Safari/537.36"
::1 - - [28/Aug/2021:19:54:19 +0000] "GET /images/30326b4c-c4c2-4c46-941b-2d525485627d-book.jpg HTTP/1.1" 304 - "-" "Mozilla/5.0 (Windows NT 10.0; Win64; x64) AppleWebKit/537.36 (KHTML, like Gecko) Chrome/92.0.4515.159 Safari/537.36"
::1 - - [28/Aug/2021:19:54:19 +0000] "GET /images/51234ff9-1e15-4d85-89d0-f40110928d1a-phone.png HTTP/1.1" 404 - "-" "Mozilla/5.0 (Windows NT 10.0; Win64; x64) AppleWebKit/537.36 (KHTML, like Gecko) Chrome/92.0.4515.159 Safari/537.36"
::1 - - [28/Aug/2021:19:54:22 +0000] "GET /admin/products HTTP/1.1" 200 - "-" "Mozilla/5.0 (Windows NT 10.0; Win64; x64) AppleWebKit/537.36 (KHTML, like Gecko) Chrome/92.0.4515.159 Safari/537.36"
::1 - - [28/Aug/2021:19:54:23 +0000] "GET /css/main.css HTTP/1.1" 304 - "-" "Mozilla/5.0 (Windows NT 10.0; Win64; x64) AppleWebKit/537.36 (KHTML, like Gecko) Chrome/92.0.4515.159 Safari/537.36"
::1 - - [28/Aug/2021:19:54:23 +0000] "GET /css/product.css HTTP/1.1" 304 - "-" "Mozilla/5.0 (Windows NT 10.0; Win64; x64) AppleWebKit/537.36 (KHTML, like Gecko) Chrome/92.0.4515.159 Safari/537.36"
::1 - - [28/Aug/2021:19:54:23 +0000] "GET /js/main.js HTTP/1.1" 304 - "-" "Mozilla/5.0 (Windows NT 10.0; Win64; x64) AppleWebKit/537.36 (KHTML, like Gecko) Chrome/92.0.4515.159 Safari/537.36"
::1 - - [28/Aug/2021:19:54:23 +0000] "GET /js/admin.js HTTP/1.1" 200 638 "-" "Mozilla/5.0 (Windows NT 10.0; Win64; x64) AppleWebKit/537.36 (KHTML, like Gecko) Chrome/92.0.4515.159 Safari/537.36"
::1 - - [28/Aug/2021:19:54:23 +0000] "GET /images/30326b4c-c4c2-4c46-941b-2d525485627d-book.jpg HTTP/1.1" 304 - "-" "Mozilla/5.0 (Windows NT 10.0; Win64; x64) AppleWebKit/537.36 (KHTML, like Gecko) Chrome/92.0.4515.159 Safari/537.36"
::1 - - [28/Aug/2021:19:54:23 +0000] "GET /images/51234ff9-1e15-4d85-89d0-f40110928d1a-phone.png HTTP/1.1" 404 - "-" "Mozilla/5.0 (Windows NT 10.0; Win64; x64) AppleWebKit/537.36 (KHTML, like Gecko) Chrome/92.0.4515.159 Safari/537.36"
::1 - - [28/Aug/2021:19:54:23 +0000] "GET /images/adc0d62a-288b-482a-8c35-b43903301aa2-Mouse.jpeg HTTP/1.1" 404 - "-" "Mozilla/5.0 (Windows NT 10.0; Win64; x64) AppleWebKit/537.36 (KHTML, like Gecko) Chrome/92.0.4515.159 Safari/537.36"
::1 - - [28/Aug/2021:19:54:48 +0000] "GET /admin/products HTTP/1.1" 200 - "-" "Mozilla/5.0 (Windows NT 10.0; Win64; x64) AppleWebKit/537.36 (KHTML, like Gecko) Chrome/92.0.4515.159 Safari/537.36"
::1 - - [28/Aug/2021:19:54:48 +0000] "GET /css/main.css HTTP/1.1" 304 - "-" "Mozilla/5.0 (Windows NT 10.0; Win64; x64) AppleWebKit/537.36 (KHTML, like Gecko) Chrome/92.0.4515.159 Safari/537.36"
::1 - - [28/Aug/2021:19:54:48 +0000] "GET /css/product.css HTTP/1.1" 304 - "-" "Mozilla/5.0 (Windows NT 10.0; Win64; x64) AppleWebKit/537.36 (KHTML, like Gecko) Chrome/92.0.4515.159 Safari/537.36"
::1 - - [28/Aug/2021:19:54:48 +0000] "GET /js/main.js HTTP/1.1" 304 - "-" "Mozilla/5.0 (Windows NT 10.0; Win64; x64) AppleWebKit/537.36 (KHTML, like Gecko) Chrome/92.0.4515.159 Safari/537.36"
::1 - - [28/Aug/2021:19:54:48 +0000] "GET /js/admin.js HTTP/1.1" 304 - "-" "Mozilla/5.0 (Windows NT 10.0; Win64; x64) AppleWebKit/537.36 (KHTML, like Gecko) Chrome/92.0.4515.159 Safari/537.36"
::1 - - [28/Aug/2021:19:54:48 +0000] "GET /images/30326b4c-c4c2-4c46-941b-2d525485627d-book.jpg HTTP/1.1" 304 - "-" "Mozilla/5.0 (Windows NT 10.0; Win64; x64) AppleWebKit/537.36 (KHTML, like Gecko) Chrome/92.0.4515.159 Safari/537.36"
::1 - - [28/Aug/2021:19:54:48 +0000] "GET /images/adc0d62a-288b-482a-8c35-b43903301aa2-Mouse.jpeg HTTP/1.1" 404 - "-" "Mozilla/5.0 (Windows NT 10.0; Win64; x64) AppleWebKit/537.36 (KHTML, like Gecko) Chrome/92.0.4515.159 Safari/537.36"
::1 - - [28/Aug/2021:19:54:48 +0000] "GET /images/51234ff9-1e15-4d85-89d0-f40110928d1a-phone.png HTTP/1.1" 404 - "-" "Mozilla/5.0 (Windows NT 10.0; Win64; x64) AppleWebKit/537.36 (KHTML, like Gecko) Chrome/92.0.4515.159 Safari/537.36"
::1 - - [28/Aug/2021:19:55:48 +0000] "GET /css/main.css HTTP/1.1" 304 - "-" "Mozilla/5.0 (Windows NT 10.0; Win64; x64) AppleWebKit/537.36 (KHTML, like Gecko) Chrome/92.0.4515.159 Safari/537.36"
::1 - - [28/Aug/2021:19:55:48 +0000] "GET /css/product.css HTTP/1.1" 304 - "-" "Mozilla/5.0 (Windows NT 10.0; Win64; x64) AppleWebKit/537.36 (KHTML, like Gecko) Chrome/92.0.4515.159 Safari/537.36"
::1 - - [28/Aug/2021:19:56:02 +0000] "GET /admin/products HTTP/1.1" 200 - "-" "Mozilla/5.0 (Windows NT 10.0; Win64; x64) AppleWebKit/537.36 (KHTML, like Gecko) Chrome/92.0.4515.159 Safari/537.36"
::1 - - [28/Aug/2021:19:56:02 +0000] "GET /css/main.css HTTP/1.1" 304 - "-" "Mozilla/5.0 (Windows NT 10.0; Win64; x64) AppleWebKit/537.36 (KHTML, like Gecko) Chrome/92.0.4515.159 Safari/537.36"
::1 - - [28/Aug/2021:19:56:02 +0000] "GET /css/product.css HTTP/1.1" 304 - "-" "Mozilla/5.0 (Windows NT 10.0; Win64; x64) AppleWebKit/537.36 (KHTML, like Gecko) Chrome/92.0.4515.159 Safari/537.36"
::1 - - [28/Aug/2021:19:56:02 +0000] "GET /js/main.js HTTP/1.1" 304 - "-" "Mozilla/5.0 (Windows NT 10.0; Win64; x64) AppleWebKit/537.36 (KHTML, like Gecko) Chrome/92.0.4515.159 Safari/537.36"
::1 - - [28/Aug/2021:19:56:02 +0000] "GET /js/admin.js HTTP/1.1" 304 - "-" "Mozilla/5.0 (Windows NT 10.0; Win64; x64) AppleWebKit/537.36 (KHTML, like Gecko) Chrome/92.0.4515.159 Safari/537.36"
::1 - - [28/Aug/2021:19:56:02 +0000] "GET /images/30326b4c-c4c2-4c46-941b-2d525485627d-book.jpg HTTP/1.1" 304 - "-" "Mozilla/5.0 (Windows NT 10.0; Win64; x64) AppleWebKit/537.36 (KHTML, like Gecko) Chrome/92.0.4515.159 Safari/537.36"
::1 - - [28/Aug/2021:19:56:02 +0000] "GET /images/51234ff9-1e15-4d85-89d0-f40110928d1a-phone.png HTTP/1.1" 404 - "-" "Mozilla/5.0 (Windows NT 10.0; Win64; x64) AppleWebKit/537.36 (KHTML, like Gecko) Chrome/92.0.4515.159 Safari/537.36"
::1 - - [28/Aug/2021:19:56:02 +0000] "GET /images/adc0d62a-288b-482a-8c35-b43903301aa2-Mouse.jpeg HTTP/1.1" 404 - "-" "Mozilla/5.0 (Windows NT 10.0; Win64; x64) AppleWebKit/537.36 (KHTML, like Gecko) Chrome/92.0.4515.159 Safari/537.36"
